0 info it worked if it ends with ok
1 verbose cli [ '/home/marti/.nvm/versions/node/v6.10.0/bin/node',
1 verbose cli   '/home/marti/.nvm/versions/node/v6.10.0/bin/npm',
1 verbose cli   'run',
1 verbose cli   'start:pm2' ]
2 info using npm@3.10.10
3 info using node@v6.10.0
4 verbose run-script [ 'prestart:pm2', 'start:pm2', 'poststart:pm2' ]
5 info lifecycle arduino-plant-monitor@2.0.0~prestart:pm2: arduino-plant-monitor@2.0.0
6 silly lifecycle arduino-plant-monitor@2.0.0~prestart:pm2: no script for prestart:pm2, continuing
7 info lifecycle arduino-plant-monitor@2.0.0~start:pm2: arduino-plant-monitor@2.0.0
8 verbose lifecycle arduino-plant-monitor@2.0.0~start:pm2: unsafe-perm in lifecycle true
9 verbose lifecycle arduino-plant-monitor@2.0.0~start:pm2: PATH: /home/marti/.nvm/versions/node/v6.10.0/lib/node_modules/npm/bin/node-gyp-bin:/home/marti/Sites/arduino-plant-monitoring/node_modules/.bin:/home/marti/.nvm/versions/node/v6.10.0/bin:/usr/local/sbin:/usr/local/bin:/usr/bin:/usr/bin/site_perl:/usr/bin/vendor_perl:/usr/bin/core_perl
10 verbose lifecycle arduino-plant-monitor@2.0.0~start:pm2: CWD: /home/marti/Sites/arduino-plant-monitoring
11 silly lifecycle arduino-plant-monitor@2.0.0~start:pm2: Args: [ '-c', 'pm2 start particle.js --restart-delay 5000' ]
12 silly lifecycle arduino-plant-monitor@2.0.0~start:pm2: Returned: code: 1  signal: null
13 info lifecycle arduino-plant-monitor@2.0.0~start:pm2: Failed to exec start:pm2 script
14 verbose stack Error: arduino-plant-monitor@2.0.0 start:pm2: `pm2 start particle.js --restart-delay 5000`
14 verbose stack Exit status 1
14 verbose stack     at EventEmitter.<anonymous> (/home/marti/.nvm/versions/node/v6.10.0/lib/node_modules/npm/lib/utils/lifecycle.js:255:16)
14 verbose stack     at emitTwo (events.js:106:13)
14 verbose stack     at EventEmitter.emit (events.js:191:7)
14 verbose stack     at ChildProcess.<anonymous> (/home/marti/.nvm/versions/node/v6.10.0/lib/node_modules/npm/lib/utils/spawn.js:40:14)
14 verbose stack     at emitTwo (events.js:106:13)
14 verbose stack     at ChildProcess.emit (events.js:191:7)
14 verbose stack     at maybeClose (internal/child_process.js:877:16)
14 verbose stack     at Process.ChildProcess._handle.onexit (internal/child_process.js:226:5)
15 verbose pkgid arduino-plant-monitor@2.0.0
16 verbose cwd /home/marti/Sites/arduino-plant-monitoring
17 error Linux 4.8.8-2-ARCH
18 error argv "/home/marti/.nvm/versions/node/v6.10.0/bin/node" "/home/marti/.nvm/versions/node/v6.10.0/bin/npm" "run" "start:pm2"
19 error node v6.10.0
20 error npm  v3.10.10
21 error code ELIFECYCLE
22 error arduino-plant-monitor@2.0.0 start:pm2: `pm2 start particle.js --restart-delay 5000`
22 error Exit status 1
23 error Failed at the arduino-plant-monitor@2.0.0 start:pm2 script 'pm2 start particle.js --restart-delay 5000'.
23 error Make sure you have the latest version of node.js and npm installed.
23 error If you do, this is most likely a problem with the arduino-plant-monitor package,
23 error not with npm itself.
23 error Tell the author that this fails on your system:
23 error     pm2 start particle.js --restart-delay 5000
23 error You can get information on how to open an issue for this project with:
23 error     npm bugs arduino-plant-monitor
23 error Or if that isn't available, you can get their info via:
23 error     npm owner ls arduino-plant-monitor
23 error There is likely additional logging output above.
24 verbose exit [ 1, true ]
